<?xml version="1.0" encoding="UTF-8"?>
<!-- Generated by org.testng.reporters.JUnitXMLReporter -->
<testsuite hostname="PC-20191001XOGU" ignored="0" name="SeleniumDemo1912" tests="4" failures="0" timestamp="2020-01-01T13:19:55 CST" time="0.01" errors="0">
  <testcase name="assertEqual" time="0.002" classname="com.meyoung.day1.Assertdemo"/>
  <testcase name="assertNotNull" time="0.0" classname="com.meyoung.day1.Assertdemo"/>
  <testcase name="assertNotEqual" time="0.004" classname="com.meyoung.day1.Assertdemo"/>
  <testcase name="assertNull" time="0.0" classname="com.meyoung.day1.Assertdemo"/>
</testsuite> <!-- SeleniumDemo1912 -->
