<?xml version="1.0" encoding="UTF-8"?>
<!-- Generated by org.testng.reporters.JUnitXMLReporter -->
<testsuite hostname="PC-20191001XOGU" ignored="0" name="SeleniumDemo1912" tests="4" failures="0" timestamp="2020-01-01T13:19:55 CST" time="25.076" errors="0">
  <testcase name="testCasea" time="5.003" classname="com.meyoung.day1.TestNGDemo1"/>
  <testcase name="testCaseb" time="5.007" classname="com.meyoung.day1.TestNGDemo1"/>
  <testcase name="testTest1" time="5.001" classname="com.meyoung.day1.TestNGDemo1"/>
  <testcase name="testTest2" time="5.001" classname="com.meyoung.day1.TestNGDemo1"/>
</testsuite> <!-- SeleniumDemo1912 -->
