<?xml version="1.0" encoding="UTF-8"?>
<testsuite xmlns:xsi="http://www.w3.org/2001/XMLSchema-instance" xsi:schemaLocation="https://maven.apache.org/surefire/maven-surefire-plugin/xsd/surefire-test-report.xsd" name="TestSuite" time="26.048" tests="8" errors="0" skipped="0" failures="0">
  <properties>
[...]
</properties>
  <testcase name="testCasea" classname="com.meyoung.day1.TestNGDemo1" time="5.008"/>
  <testcase name="testCaseb" classname="com.meyoung.day1.TestNGDemo1" time="5.009"/>
  <testcase name="testTest1" classname="com.meyoung.day1.TestNGDemo1" time="4.994"/>
  <testcase name="testTest2" classname="com.meyoung.day1.TestNGDemo1" time="4.996"/>
  <testcase name="assertEqual" classname="com.meyoung.day1.Assertdemo" time="0.003"/>
  <testcase name="assertNotEqual" classname="com.meyoung.day1.Assertdemo" time="0"/>
  <testcase name="assertNull" classname="com.meyoung.day1.Assertdemo" time="0"/>
  <testcase name="assertNotNull" classname="com.meyoung.day1.Assertdemo" time="0"/>
</testsuite>